Store #1:
apple_juice 357.142857
spinach 892.857143
Store #2:
apple_juice 2857.142857
spinach 9809.523810
banana 4000.000000
kiwi 5333.333333

Store #1:
apple_juice 28.571429
spinach 71.428571
Store #2:
apple_juice 28.571429
spinach 98.095238
banana 40.000000
lots_of_kiwi_nom_nom 53.333333
Store #3:
apple_juice 27.692308
spinach 47.032967
lots_of_kiwi_nom_nom 36.923077
apple 57.142857
grapes 36.923077
soup 14.285714
Store #4:
apple_juice 28.571429
spinach 98.095238
banana 40.000000
lots_of_kiwi_nom_nom 53.333333
Store #5:
apple_juice 27.692308
spinach 40.683761
banana 33.333333
lots_of_kiwi_nom_nom 81.367521
grapes 36.923077

Store #1:
candy_corn 41.152233
pumpkin 82.304467
